0 info it worked if it ends with ok
1 verbose cli [ 'C:\\Program Files\\nodejs\\node.exe',
1 verbose cli   'C:\\Users\\wcoronell\\AppData\\Roaming\\npm\\node_modules\\npm\\bin\\npm-cli.js',
1 verbose cli   'start' ]
2 info using npm@3.10.8
3 info using node@v4.4.5
4 verbose run-script [ 'prestart', 'start', 'poststart' ]
5 info lifecycle a2demo@1.0.0~prestart: a2demo@1.0.0
6 silly lifecycle a2demo@1.0.0~prestart: no script for prestart, continuing
7 info lifecycle a2demo@1.0.0~start: a2demo@1.0.0
8 verbose lifecycle a2demo@1.0.0~start: unsafe-perm in lifecycle true
9 verbose lifecycle a2demo@1.0.0~start: PATH: C:\Users\wcoronell\AppData\Roaming\npm\node_modules\npm\bin\node-gyp-bin;D:\SpecialPorgrams\xampp\htdocs\a2demo\node_modules\.bin;C:\ProgramData\Oracle\Java\javapath;C:\WINDOWS\system32;C:\WINDOWS;C:\WINDOWS\System32\Wbem;C:\WINDOWS\System32\WindowsPowerShell\v1.0\;C:\Program Files (x86)\ATI Technologies\ATI.ACE\Core-Static;C:\Program Files\nodejs\;C:\Program Files (x86)\Skype\Phone\;C:\Python27;c:\python27\scripts;C:\Program Files\Git\cmd;C:\Users\wcoronell\AppData\Roaming\npm;C:\Users\wcoronell\AppData\Local\Microsoft\WindowsApps
10 verbose lifecycle a2demo@1.0.0~start: CWD: D:\SpecialPorgrams\xampp\htdocs\a2demo
11 silly lifecycle a2demo@1.0.0~start: Args: [ '/d /s /c', 'tsc && concurrently "tsc -w" "lite-server" ' ]
12 silly lifecycle a2demo@1.0.0~start: Returned: code: 2  signal: null
13 info lifecycle a2demo@1.0.0~start: Failed to exec start script
14 verbose stack Error: a2demo@1.0.0 start: `tsc && concurrently "tsc -w" "lite-server" `
14 verbose stack Exit status 2
14 verbose stack     at EventEmitter.<anonymous> (C:\Users\wcoronell\AppData\Roaming\npm\node_modules\npm\lib\utils\lifecycle.js:255:16)
14 verbose stack     at emitTwo (events.js:87:13)
14 verbose stack     at EventEmitter.emit (events.js:172:7)
14 verbose stack     at ChildProcess.<anonymous> (C:\Users\wcoronell\AppData\Roaming\npm\node_modules\npm\lib\utils\spawn.js:40:14)
14 verbose stack     at emitTwo (events.js:87:13)
14 verbose stack     at ChildProcess.emit (events.js:172:7)
14 verbose stack     at maybeClose (internal/child_process.js:827:16)
14 verbose stack     at Process.ChildProcess._handle.onexit (internal/child_process.js:211:5)
15 verbose pkgid a2demo@1.0.0
16 verbose cwd D:\SpecialPorgrams\xampp\htdocs\a2demo
17 error Windows_NT 10.0.14393
18 error argv "C:\\Program Files\\nodejs\\node.exe" "C:\\Users\\wcoronell\\AppData\\Roaming\\npm\\node_modules\\npm\\bin\\npm-cli.js" "start"
19 error node v4.4.5
20 error npm  v3.10.8
21 error code ELIFECYCLE
22 error a2demo@1.0.0 start: `tsc && concurrently "tsc -w" "lite-server" `
22 error Exit status 2
23 error Failed at the a2demo@1.0.0 start script 'tsc && concurrently "tsc -w" "lite-server" '.
23 error Make sure you have the latest version of node.js and npm installed.
23 error If you do, this is most likely a problem with the a2demo package,
23 error not with npm itself.
23 error Tell the author that this fails on your system:
23 error     tsc && concurrently "tsc -w" "lite-server"
23 error You can get information on how to open an issue for this project with:
23 error     npm bugs a2demo
23 error Or if that isn't available, you can get their info via:
23 error     npm owner ls a2demo
23 error There is likely additional logging output above.
24 verbose exit [ 1, true ]
